[debug] [2026-07-05T06:12:54.754Z] ----------------------------------------------------------------------
[debug] [2026-07-05T06:12:54.760Z] Command:       C:\Program Files\nodejs\node.exe C:\Users\DELL\AppData\Roaming\npm\node_modules\firebase-tools\lib\bin\firebase.js deploy --only firestore:indexes
[debug] [2026-07-05T06:12:54.761Z] CLI Version:   14.22.0
[debug] [2026-07-05T06:12:54.761Z] Platform:      win32
[debug] [2026-07-05T06:12:54.762Z] Node Version:  v22.14.0
[debug] [2026-07-05T06:12:54.762Z] Time:          Sun Jul 05 2026 11:42:54 GMT+0530 (India Standard Time)
[debug] [2026-07-05T06:12:54.763Z] ----------------------------------------------------------------------
[debug] 
[debug] [2026-07-05T06:12:54.768Z] >>> [apiv2][query] GET https://firebase-public.firebaseio.com/cli.json [none]
[debug] [2026-07-05T06:12:55.250Z] > command requires scopes: ["email","openid","https://www.googleapis.com/auth/cloudplatformprojects.readonly","https://www.googleapis.com/auth/firebase","https://www.googleapis.com/auth/cloud-platform"]
[debug] [2026-07-05T06:12:55.251Z] > authorizing via signed-in user (vyassidhartha5@gmail.com)
[debug] [2026-07-05T06:12:55.251Z] [iam] checking project ai-interview-app-28b04 for permissions ["datastore.indexes.create","datastore.indexes.delete","datastore.indexes.list","datastore.indexes.update","firebase.projects.get"]
[debug] [2026-07-05T06:12:55.252Z] Checked if tokens are valid: false, expires at: 1761591121610
[debug] [2026-07-05T06:12:55.253Z] Checked if tokens are valid: false, expires at: 1761591121610
[debug] [2026-07-05T06:12:55.253Z] > refreshing access token with scopes: []
[debug] [2026-07-05T06:12:55.255Z] >>> [apiv2][query] POST https://www.googleapis.com/oauth2/v3/token [none]
[debug] [2026-07-05T06:12:55.255Z] >>> [apiv2][body] POST https://www.googleapis.com/oauth2/v3/token [omitted]
[debug] [2026-07-05T06:12:55.610Z] <<< [apiv2][status] POST https://www.googleapis.com/oauth2/v3/token 400
[debug] [2026-07-05T06:12:55.610Z] <<< [apiv2][body] POST https://www.googleapis.com/oauth2/v3/token [omitted]
[debug] [2026-07-05T06:12:55.610Z] >>> [apiv2][query] POST https://cloudresourcemanager.googleapis.com/v1/projects/ai-interview-app-28b04:testIamPermissions [none]
[debug] [2026-07-05T06:12:55.610Z] >>> [apiv2][(partial)header] POST https://cloudresourcemanager.googleapis.com/v1/projects/ai-interview-app-28b04:testIamPermissions x-goog-quota-user=projects/ai-interview-app-28b04
[debug] [2026-07-05T06:12:55.611Z] >>> [apiv2][body] POST https://cloudresourcemanager.googleapis.com/v1/projects/ai-interview-app-28b04:testIamPermissions {"permissions":["datastore.indexes.create","datastore.indexes.delete","datastore.indexes.list","datastore.indexes.update","firebase.projects.get"]}
[debug] [2026-07-05T06:12:55.941Z] <<< [apiv2][status] GET https://firebase-public.firebaseio.com/cli.json 200
[debug] [2026-07-05T06:12:55.941Z] <<< [apiv2][body] GET https://firebase-public.firebaseio.com/cli.json {"cloudBuildErrorAfter":1594252800000,"cloudBuildWarnAfter":1590019200000,"defaultNode10After":1594252800000,"minVersion":"3.0.5","node8DeploysDisabledAfter":1613390400000,"node8RuntimeDisabledAfter":1615809600000,"node8WarnAfter":1600128000000}
[debug] [2026-07-05T06:12:57.084Z] <<< [apiv2][status] POST https://cloudresourcemanager.googleapis.com/v1/projects/ai-interview-app-28b04:testIamPermissions 401
[debug] [2026-07-05T06:12:57.084Z] <<< [apiv2][body] POST https://cloudresourcemanager.googleapis.com/v1/projects/ai-interview-app-28b04:testIamPermissions {"error":{"code":401,"message":"Request had invalid authentication credentials. Expected OAuth 2 access token, login cookie or other valid authentication credential. See https://developers.google.com/identity/sign-in/web/devconsole-project.","status":"UNAUTHENTICATED","details":[{"@type":"type.googleapis.com/google.rpc.ErrorInfo","reason":"ACCESS_TOKEN_TYPE_UNSUPPORTED","metadata":{"method":"google.cloudresourcemanager.v1.Projects.TestIamPermissions","service":"cloudresourcemanager.googleapis.com"}}]}}
[debug] [2026-07-05T06:12:57.084Z] Got a 401 Unauthenticated error for a call that required authentication. Refreshing tokens.
[debug] [2026-07-05T06:12:57.084Z] Checked if tokens are valid: false, expires at: 1761591121610
[debug] [2026-07-05T06:12:57.084Z] Checked if tokens are valid: false, expires at: 1761591121610
[debug] [2026-07-05T06:12:57.084Z] > refreshing access token with scopes: []
[debug] [2026-07-05T06:12:57.085Z] >>> [apiv2][query] POST https://www.googleapis.com/oauth2/v3/token [none]
[debug] [2026-07-05T06:12:57.085Z] >>> [apiv2][body] POST https://www.googleapis.com/oauth2/v3/token [omitted]
[debug] [2026-07-05T06:12:58.678Z] <<< [apiv2][status] POST https://www.googleapis.com/oauth2/v3/token 400
[debug] [2026-07-05T06:12:58.678Z] <<< [apiv2][body] POST https://www.googleapis.com/oauth2/v3/token [omitted]
[debug] [2026-07-05T06:12:58.679Z] [iam] error while checking permissions, command may fail: Request to https://cloudresourcemanager.googleapis.com/v1/projects/ai-interview-app-28b04:testIamPermissions had HTTP Error: 401, Request had invalid authentication credentials. Expected OAuth 2 access token, login cookie or other valid authentication credential. See https://developers.google.com/identity/sign-in/web/devconsole-project.
[info] 
[info] === Deploying to 'ai-interview-app-28b04'...
[info] 
[info] i  deploying firestore 
[info] i  firestore: ensuring required API firestore.googleapis.com is enabled... 
[info] i  firestore: ensuring required API firestore.googleapis.com is enabled... 
[debug] [2026-07-05T06:12:58.685Z] Checked if tokens are valid: false, expires at: 1761591121610
[debug] [2026-07-05T06:12:58.685Z] Checked if tokens are valid: false, expires at: 1761591121610
[debug] [2026-07-05T06:12:58.685Z] > refreshing access token with scopes: []
[debug] [2026-07-05T06:12:58.685Z] >>> [apiv2][query] POST https://www.googleapis.com/oauth2/v3/token [none]
[debug] [2026-07-05T06:12:58.685Z] >>> [apiv2][body] POST https://www.googleapis.com/oauth2/v3/token [omitted]
[debug] [2026-07-05T06:13:00.180Z] <<< [apiv2][status] POST https://www.googleapis.com/oauth2/v3/token 400
[debug] [2026-07-05T06:13:00.180Z] <<< [apiv2][body] POST https://www.googleapis.com/oauth2/v3/token [omitted]
[debug] [2026-07-05T06:13:00.180Z] >>> [apiv2][query] GET https://firestore.googleapis.com/v1/projects/ai-interview-app-28b04/databases/(default) [none]
[debug] [2026-07-05T06:13:06.093Z] <<< [apiv2][status] GET https://firestore.googleapis.com/v1/projects/ai-interview-app-28b04/databases/(default) 401
[debug] [2026-07-05T06:13:06.094Z] <<< [apiv2][body] GET https://firestore.googleapis.com/v1/projects/ai-interview-app-28b04/databases/(default) {"error":{"code":401,"message":"Request had invalid authentication credentials. Expected OAuth 2 access token, login cookie or other valid authentication credential. See https://developers.google.com/identity/sign-in/web/devconsole-project.","status":"UNAUTHENTICATED","details":[{"@type":"type.googleapis.com/google.rpc.ErrorInfo","reason":"ACCESS_TOKEN_TYPE_UNSUPPORTED","metadata":{"service":"firestore.googleapis.com","method":"google.firestore.admin.v1.FirestoreAdmin.GetDatabase"}}]}}
[debug] [2026-07-05T06:13:06.094Z] Got a 401 Unauthenticated error for a call that required authentication. Refreshing tokens.
[debug] [2026-07-05T06:13:06.094Z] Checked if tokens are valid: false, expires at: 1761591121610
[debug] [2026-07-05T06:13:06.094Z] Checked if tokens are valid: false, expires at: 1761591121610
[debug] [2026-07-05T06:13:06.094Z] > refreshing access token with scopes: []
[debug] [2026-07-05T06:13:06.094Z] >>> [apiv2][query] POST https://www.googleapis.com/oauth2/v3/token [none]
[debug] [2026-07-05T06:13:06.094Z] >>> [apiv2][body] POST https://www.googleapis.com/oauth2/v3/token [omitted]
